[debug] [2025-09-03T14:00:56.101Z] ----------------------------------------------------------------------
[debug] [2025-09-03T14:00:56.103Z] Command:       /Users/shanmugavm/.nvm/versions/node/v22.8.0/bin/node /Users/shanmugavm/.nvm/versions/node/v22.8.0/bin/firebase projects:list
[debug] [2025-09-03T14:00:56.103Z] CLI Version:   14.15.1
[debug] [2025-09-03T14:00:56.104Z] Platform:      darwin
[debug] [2025-09-03T14:00:56.104Z] Node Version:  v22.8.0
[debug] [2025-09-03T14:00:56.105Z] Time:          Wed Sep 03 2025 19:30:56 GMT+0530 (India Standard Time)
[debug] [2025-09-03T14:00:56.105Z] ----------------------------------------------------------------------
[debug] 
[debug] [2025-09-03T14:00:56.200Z] > command requires scopes: ["email","openid","https://www.googleapis.com/auth/cloudplatformprojects.readonly","https://www.googleapis.com/auth/firebase","https://www.googleapis.com/auth/cloud-platform"]
[debug] [2025-09-03T14:00:56.200Z] > authorizing via signed-in user (notifications.ssb@scaler.com)
[debug] [2025-09-03T14:00:56.202Z] Checked if tokens are valid: false, expires at: 1751138598784
[debug] [2025-09-03T14:00:56.202Z] Checked if tokens are valid: false, expires at: 1751138598784
[debug] [2025-09-03T14:00:56.202Z] > refreshing access token with scopes: []
[debug] [2025-09-03T14:00:56.203Z] >>> [apiv2][query] POST https://www.googleapis.com/oauth2/v3/token [none]
[debug] [2025-09-03T14:00:56.203Z] >>> [apiv2][body] POST https://www.googleapis.com/oauth2/v3/token [omitted]
[debug] [2025-09-03T14:00:56.425Z] <<< [apiv2][status] POST https://www.googleapis.com/oauth2/v3/token 400
[debug] [2025-09-03T14:00:56.425Z] <<< [apiv2][body] POST https://www.googleapis.com/oauth2/v3/token [omitted]
[error] Authentication Error: Your credentials are no longer valid. Please run firebase login --reauth

For CI servers and headless environments, generate a new token with firebase login:ci
[error] Authentication Error: Your credentials are no longer valid. Please run firebase login --reauth

For CI servers and headless environments, generate a new token with firebase login:ci
[debug] [2025-09-03T14:00:56.426Z] Authentication Error: Your credentials are no longer valid. Please run firebase login --reauth

For CI servers and headless environments, generate a new token with firebase login:ci
[debug] [2025-09-03T14:00:56.558Z] FirebaseError: Authentication Error: Your credentials are no longer valid. Please run firebase login --reauth

For CI servers and headless environments, generate a new token with firebase login:ci
    at invalidCredentialError (/Users/shanmugavm/.nvm/versions/node/v22.8.0/lib/node_modules/firebase-tools/lib/auth.js:167:12)
    at refreshTokens (/Users/shanmugavm/.nvm/versions/node/v22.8.0/lib/node_modules/firebase-tools/lib/auth.js:591:15)
    at process.processTicksAndRejections (node:internal/process/task_queues:105:5)
    at async getAccessToken (/Users/shanmugavm/.nvm/versions/node/v22.8.0/lib/node_modules/firebase-tools/lib/apiv2.js:42:18)
    at async Client.addAuthHeader (/Users/shanmugavm/.nvm/versions/node/v22.8.0/lib/node_modules/firebase-tools/lib/apiv2.js:169:21)
    at async Client.request (/Users/shanmugavm/.nvm/versions/node/v22.8.0/lib/node_modules/firebase-tools/lib/apiv2.js:120:34)
    at async getProjectPage (/Users/shanmugavm/.nvm/versions/node/v22.8.0/lib/node_modules/firebase-tools/lib/management/projects.js:267:17)
    at async getFirebaseProjectPage (/Users/shanmugavm/.nvm/versions/node/v22.8.0/lib/node_modules/firebase-tools/lib/management/projects.js:284:23)
    at async listFirebaseProjects (/Users/shanmugavm/.nvm/versions/node/v22.8.0/lib/node_modules/firebase-tools/lib/management/projects.js:315:29)
    at async Command.actionFn (/Users/shanmugavm/.nvm/versions/node/v22.8.0/lib/node_modules/firebase-tools/lib/commands/projects-list.js:51:20)
[error] 
[error] Error: Failed to list Firebase projects. See firebase-debug.log for more info.
